This is pdfTeX, Version 3.14159265-2.6-1.40.16 (TeX Live 2015/Debian) (preloaded format=pdflatex 2017.9.3)  15 MAY 2018 17:39
entering extended mode
 restricted \write18 enabled.
 %&-line parsing enabled.
**letter.tex
(/usr/share/texlive/texmf-dist/tex/plain/base/letter.tex
LaTeX2e <2016/02/01>
Babel <3.9q> and hyphenation patterns for 81 language(s) loaded.
! Undefined control sequence.
l.13 \nopagenumbers
                   
? 
! Interruption.
l.14 
     \headline={\ifnum\pageno>1
? 
! Undefined control sequence.
l.14 \headline
              ={\ifnum\pageno>1
? 

! LaTeX Error: Missing \begin{document}.

See the LaTeX manual or LaTeX Companion for explanation.
Type  H <return>  for immediate help.
 ...                                              
                                                  
l.14 \headline=
               {\ifnum\pageno>1
? 
Missing character: There is no = in font nullfont!
! Undefined control sequence.
l.14 \headline={\ifnum\pageno
                             >1
? 
! Missing number, treated as zero.
<to be read again> 
                   >
l.14 \headline={\ifnum\pageno>
                              1
? 
\longindentation=\dimen102
\theaddress=\box26
! Font \logofont=stan70 at 70.0pt not loadable: Metric (TFM) file not found.
l.52 \font\logofont=stan70 at 70truept
                                      
? 
)
*
(Please type a command or say `\end')
*
(Please type a command or say `\end')
*
(Please type a command or say `\end')
*
! Emergency stop.
<*> 
    
End of file on the terminal!

 
Here is how much of TeX's memory you used:
 47 strings out of 493029
 611 string characters out of 6136235
 53060 words of memory out of 5000000
 3679 multiletter control sequences out of 15000+600000
 4247 words of font info for 16 fonts, out of 8000000 for 9000
 1141 hyphenation exceptions out of 8191
 5i,0n,10p,92b,14s stack positions out of 5000i,500n,10000p,200000b,80000s
!  ==> Fatal error occurred, no output PDF file produced!
