This is pdfTeX, Version 3.14159265-2.6-1.40.16 (TeX Live 2015/Debian) (preloaded format=pdflatex 2017.9.3)  21 JUL 2018 22:02
entering extended mode
 restricted \write18 enabled.
 %&-line parsing enabled.
**main
(./main.tex
LaTeX2e <2016/02/01>
Babel <3.9q> and hyphenation patterns for 81 language(s) loaded.
(./imsart.cls
Document Class: imsart 2010/04/27 driver class for package imsart.sty
(/usr/share/texlive/texmf-dist/tex/latex/base/article.cls
Document Class: article 2014/09/29 v1.4h Standard LaTeX document class
(/usr/share/texlive/texmf-dist/tex/latex/base/leqno.clo
File: leqno.clo 2015/03/31 v1.1i Standard LaTeX option (left equation numbers)
)
(/usr/share/texlive/texmf-dist/tex/latex/base/size11.clo
File: size11.clo 2014/09/29 v1.4h Standard LaTeX file (size option)
)
\c@part=\count79
\c@section=\count80
\c@subsection=\count81
\c@subsubsection=\count82
\c@paragraph=\count83
\c@subparagraph=\count84
\c@figure=\count85
\c@table=\count86
\abovecaptionskip=\skip41
\belowcaptionskip=\skip42
\bibindent=\dimen102
) (./imsart.sty
File: imsart.sty 2014/10/16IMS article style (VS)

No file imsart.cnf.
(/usr/share/texlive/texmf-dist/tex/latex/base/leqno.clo
File: leqno.clo 2015/03/31 v1.1i Standard LaTeX option (left equation numbers)
)
\c@firstpage=\count87
\c@lastpage=\count88
\c@thanks=\count89
\c@addressref=\count90

(/usr/share/texlive/texmf-dist/tex/latex/graphics/keyval.sty
Package: keyval 2014/10/28 v1.15 key=value parser (DPC)
\KV@toks@=\toks14
)
\c@emailref=\count91
\c@author=\count92
\c@address=\count93
\sv@mathsurround=\dimen103
\sv@parindent=\dimen104
\fm@box=\box26
\fm@size=\dimen105
\t@xtheight=\dimen106
\abstract@box=\box27
\keyword@box=\box28
\pre@kwd@depth=\dimen107
\keyword@toks=\toks15
\authors@list=\toks16
\keywords@list=\toks17

No file imsart-aos.cnf.
)) (/usr/share/texlive/texmf-dist/tex/latex/base/fontenc.sty
Package: fontenc 2005/09/27 v1.99g Standard LaTeX package

(/usr/share/texlive/texmf-dist/tex/latex/base/ot1enc.def
File: ot1enc.def 2005/09/27 v1.99g Standard LaTeX file
LaTeX Font Info:    Redeclaring font encoding OT1 on input line 48.
))
(/usr/share/texlive/texmf-dist/tex/latex/amscls/amsthm.sty
Package: amsthm 2015/03/04 v2.20.2
\thm@style=\toks18
\thm@bodyfont=\toks19
\thm@headfont=\toks20
\thm@notefont=\toks21
\thm@headpunct=\toks22
\thm@preskip=\skip43
\thm@postskip=\skip44
\thm@headsep=\skip45
\dth@everypar=\toks23
)
(/usr/share/texlive/texmf-dist/tex/latex/amsmath/amsmath.sty
Package: amsmath 2016/03/03 v2.15a AMS math features
\@mathmargin=\skip46

For additional information on amsmath, use the `?' option.
(/usr/share/texlive/texmf-dist/tex/latex/amsmath/amstext.sty
Package: amstext 2000/06/29 v2.01 AMS text

(/usr/share/texlive/texmf-dist/tex/latex/amsmath/amsgen.sty
File: amsgen.sty 1999/11/30 v2.0 generic functions
\@emptytoks=\toks24
\ex@=\dimen108
))
(/usr/share/texlive/texmf-dist/tex/latex/amsmath/amsbsy.sty
Package: amsbsy 1999/11/29 v1.2d Bold Symbols
\pmbraise@=\dimen109
)
(/usr/share/texlive/texmf-dist/tex/latex/amsmath/amsopn.sty
Package: amsopn 1999/12/14 v2.01 operator names
)
\inf@bad=\count94
LaTeX Info: Redefining \frac on input line 199.
\uproot@=\count95
\leftroot@=\count96
LaTeX Info: Redefining \overline on input line 297.
\classnum@=\count97
\DOTSCASE@=\count98
LaTeX Info: Redefining \ldots on input line 394.
LaTeX Info: Redefining \dots on input line 397.
LaTeX Info: Redefining \cdots on input line 518.
\Mathstrutbox@=\box29
\strutbox@=\box30
\big@size=\dimen110
LaTeX Font Info:    Redeclaring font encoding OML on input line 630.
LaTeX Font Info:    Redeclaring font encoding OMS on input line 631.
\macc@depth=\count99
\c@MaxMatrixCols=\count100
\dotsspace@=\muskip10
\c@parentequation=\count101
\dspbrk@lvl=\count102
\tag@help=\toks25
\row@=\count103
\column@=\count104
\maxfields@=\count105
\andhelp@=\toks26
\eqnshift@=\dimen111
\alignsep@=\dimen112
\tagshift@=\dimen113
\tagwidth@=\dimen114
\totwidth@=\dimen115
\lineht@=\dimen116
\@envbody=\toks27
\multlinegap=\skip47
\multlinetaggap=\skip48
\mathdisplay@stack=\toks28
LaTeX Info: Redefining \[ on input line 2735.
LaTeX Info: Redefining \] on input line 2736.
)
(/usr/share/texlive/texmf-dist/tex/latex/natbib/natbib.sty
Package: natbib 2010/09/13 8.31b (PWD, AO)
\bibhang=\skip49
\bibsep=\skip50
LaTeX Info: Redefining \cite on input line 694.
\c@NAT@ctr=\count106
)
(/usr/share/texlive/texmf-dist/tex/latex/hyperref/hyperref.sty
Package: hyperref 2012/11/06 v6.83m Hypertext links for LaTeX

(/usr/share/texlive/texmf-dist/tex/generic/oberdiek/hobsub-hyperref.sty
Package: hobsub-hyperref 2012/05/28 v1.13 Bundle oberdiek, subset hyperref (HO)


(/usr/share/texlive/texmf-dist/tex/generic/oberdiek/hobsub-generic.sty
Package: hobsub-generic 2012/05/28 v1.13 Bundle oberdiek, subset generic (HO)
Package: hobsub 2012/05/28 v1.13 Construct package bundles (HO)
Package: infwarerr 2010/04/08 v1.3 Providing info/warning/error messages (HO)
Package: ltxcmds 2011/11/09 v1.22 LaTeX kernel commands for general use (HO)
Package: ifluatex 2010/03/01 v1.3 Provides the ifluatex switch (HO)
Package ifluatex Info: LuaTeX not detected.
Package: ifvtex 2010/03/01 v1.5 Detect VTeX and its facilities (HO)
Package ifvtex Info: VTeX not detected.
Package: intcalc 2007/09/27 v1.1 Expandable calculations with integers (HO)
Package: ifpdf 2011/01/30 v2.3 Provides the ifpdf switch (HO)
Package ifpdf Info: pdfTeX in PDF mode is detected.
Package: etexcmds 2011/02/16 v1.5 Avoid name clashes with e-TeX commands (HO)
Package etexcmds Info: Could not find \expanded.
(etexcmds)             That can mean that you are not using pdfTeX 1.50 or
(etexcmds)             that some package has redefined \expanded.
(etexcmds)             In the latter case, load this package earlier.
Package: kvsetkeys 2012/04/25 v1.16 Key value parser (HO)
Package: kvdefinekeys 2011/04/07 v1.3 Define keys (HO)
Package: pdftexcmds 2011/11/29 v0.20 Utility functions of pdfTeX for LuaTeX (HO
)
Package pdftexcmds Info: LuaTeX not detected.
Package pdftexcmds Info: \pdf@primitive is available.
Package pdftexcmds Info: \pdf@ifprimitive is available.
Package pdftexcmds Info: \pdfdraftmode found.
Package: pdfescape 2011/11/25 v1.13 Implements pdfTeX's escape features (HO)
Package: bigintcalc 2012/04/08 v1.3 Expandable calculations on big integers (HO
)
Package: bitset 2011/01/30 v1.1 Handle bit-vector datatype (HO)
Package: uniquecounter 2011/01/30 v1.2 Provide unlimited unique counter (HO)
)
Package hobsub Info: Skipping package `hobsub' (already loaded).
Package: letltxmacro 2010/09/02 v1.4 Let assignment for LaTeX macros (HO)
Package: hopatch 2012/05/28 v1.2 Wrapper for package hooks (HO)
Package: xcolor-patch 2011/01/30 xcolor patch
Package: atveryend 2011/06/30 v1.8 Hooks at the very end of document (HO)
Package atveryend Info: \old@enddocument detected (standard20110627).
Package: atbegshi 2011/10/05 v1.16 At begin shipout hook (HO)
Package: refcount 2011/10/16 v3.4 Data extraction from label references (HO)
Package: hycolor 2011/01/30 v1.7 Color options for hyperref/bookmark (HO)
)
(/usr/share/texlive/texmf-dist/tex/generic/ifxetex/ifxetex.sty
Package: ifxetex 2010/09/12 v0.6 Provides ifxetex conditional
)
(/usr/share/texlive/texmf-dist/tex/latex/oberdiek/auxhook.sty
Package: auxhook 2011/03/04 v1.3 Hooks for auxiliary files (HO)
)
(/usr/share/texlive/texmf-dist/tex/latex/oberdiek/kvoptions.sty
Package: kvoptions 2011/06/30 v3.11 Key value format for package options (HO)
)
\@linkdim=\dimen117
\Hy@linkcounter=\count107
\Hy@pagecounter=\count108

(/usr/share/texlive/texmf-dist/tex/latex/hyperref/pd1enc.def
File: pd1enc.def 2012/11/06 v6.83m Hyperref: PDFDocEncoding definition (HO)
)
\Hy@SavedSpaceFactor=\count109

(/usr/share/texlive/texmf-dist/tex/latex/latexconfig/hyperref.cfg
File: hyperref.cfg 2002/06/06 v1.2 hyperref configuration of TeXLive
)
Package hyperref Info: Option `colorlinks' set `true' on input line 4319.


Package hyperref Warning: Option `pagecolor' is not available anymore.

Package hyperref Info: Option `linktocpage' set `true' on input line 4319.
Package hyperref Info: Option `colorlinks' set `true' on input line 4319.
Package hyperref Info: Hyper figures OFF on input line 4443.
Package hyperref Info: Link nesting OFF on input line 4448.
Package hyperref Info: Hyper index ON on input line 4451.
Package hyperref Info: Plain pages OFF on input line 4458.
Package hyperref Info: Backreferencing OFF on input line 4463.
Package hyperref Info: Implicit mode ON; LaTeX internals redefined.
Package hyperref Info: Bookmarks ON on input line 4688.
\c@Hy@tempcnt=\count110
(/usr/share/texlive/texmf-dist/tex/latex/url/url.sty
\Urlmuskip=\muskip11
Package: url 2013/09/16  ver 3.4  Verb mode for urls, etc.
)
LaTeX Info: Redefining \url on input line 5041.
\XeTeXLinkMargin=\dimen118
\Fld@menulength=\count111
\Field@Width=\dimen119
\Fld@charsize=\dimen120
Package hyperref Info: Hyper figures OFF on input line 6295.
Package hyperref Info: Link nesting OFF on input line 6300.
Package hyperref Info: Hyper index ON on input line 6303.
Package hyperref Info: backreferencing OFF on input line 6310.
Package hyperref Info: Link coloring ON on input line 6313.
Package hyperref Info: Link coloring with OCG OFF on input line 6320.
Package hyperref Info: PDF/A mode OFF on input line 6325.
LaTeX Info: Redefining \ref on input line 6365.
LaTeX Info: Redefining \pageref on input line 6369.
\Hy@abspage=\count112
\c@Item=\count113
\c@Hfootnote=\count114
)

Package hyperref Message: Driver (autodetected): hpdftex.

(/usr/share/texlive/texmf-dist/tex/latex/hyperref/hpdftex.def
File: hpdftex.def 2012/11/06 v6.83m Hyperref driver for pdfTeX
\Fld@listcount=\count115
\c@bookmark@seq@number=\count116

(/usr/share/texlive/texmf-dist/tex/latex/oberdiek/rerunfilecheck.sty
Package: rerunfilecheck 2011/04/15 v1.7 Rerun checks for auxiliary files (HO)
Package uniquecounter Info: New unique counter `rerunfilecheck' on input line 2
82.
)
\Hy@SectionHShift=\skip51
)
\c@thm=\count117
\c@theorem=\count118
\c@proposition=\count119
\c@corollary=\count120
\c@lemma=\count121
\c@example=\count122
\c@assumption=\count123
\c@condition=\count124
\c@remark=\count125

(/usr/share/texlive/texmf-dist/tex/latex/galois/galois.sty
Package: galois 2005/03/19 v1.05, Galois connections, Patrick.Cousot@ens.fr
\@GALOISalphadepth=\skip52
\@GALOISalphaheight=\skip53
\@GALOISgammadepth=\skip54
\@GALOISwidth=\skip55
\@GALOISheight=\skip56
\@GALOISdepth=\skip57
\@GALOIStotalheight=\skip58
\@GALOISGap=\skip59
\@GALOISalphaarrowwidth=\skip60
\@GALOISalphaarrowhalfheight=\skip61
\@GALOISgammaarrowwidth=\skip62
\@GALOISgammaarrowhalfheight=\skip63
)
(/usr/share/texlive/texmf-dist/tex/latex/amsfonts/amssymb.sty
Package: amssymb 2013/01/14 v3.01 AMS font symbols

(/usr/share/texlive/texmf-dist/tex/latex/amsfonts/amsfonts.sty
Package: amsfonts 2013/01/14 v3.01 Basic AMSFonts support


Package amsfonts Warning: The 'psamsfonts' option is obsolete in AMSFonts v3.

\symAMSa=\mathgroup4
\symAMSb=\mathgroup5
LaTeX Font Info:    Overwriting math alphabet `\mathfrak' in version `bold'
(Font)                  U/euf/m/n --> U/euf/b/n on input line 106.
)) (/usr/share/texlive/texmf-dist/tex/latex/jknapltx/mathrsfs.sty
Package: mathrsfs 1996/01/01 Math RSFS package v1.0 (jk)
\symrsfs=\mathgroup6
)
(/usr/share/texlive/texmf-dist/tex/latex/graphics/graphicx.sty
Package: graphicx 2014/10/28 v1.0g Enhanced LaTeX Graphics (DPC,SPQR)

(/usr/share/texlive/texmf-dist/tex/latex/graphics/graphics.sty
Package: graphics 2016/01/03 v1.0q Standard LaTeX Graphics (DPC,SPQR)

(/usr/share/texlive/texmf-dist/tex/latex/graphics/trig.sty
Package: trig 2016/01/03 v1.10 sin cos tan (DPC)
)
(/usr/share/texlive/texmf-dist/tex/latex/latexconfig/graphics.cfg
File: graphics.cfg 2010/04/23 v1.9 graphics configuration of TeX Live
)
Package graphics Info: Driver file: pdftex.def on input line 95.

(/usr/share/texlive/texmf-dist/tex/latex/pdftex-def/pdftex.def
File: pdftex.def 2011/05/27 v0.06d Graphics/color for pdfTeX
\Gread@gobject=\count126
))
\Gin@req@height=\dimen121
\Gin@req@width=\dimen122
)
(/usr/share/texlive/texmf-dist/tex/latex/graphics/color.sty
Package: color 2016/01/03 v1.1b Standard LaTeX Color (DPC)

(/usr/share/texlive/texmf-dist/tex/latex/latexconfig/color.cfg
File: color.cfg 2007/01/18 v1.5 color configuration of teTeX/TeXLive
)
Package color Info: Driver file: pdftex.def on input line 143.
)
(/usr/share/texlive/texmf-dist/tex/latex/booktabs/booktabs.sty
Package: booktabs 2005/04/14 v1.61803 publication quality tables
\heavyrulewidth=\dimen123
\lightrulewidth=\dimen124
\cmidrulewidth=\dimen125
\belowrulesep=\dimen126
\belowbottomsep=\dimen127
\aboverulesep=\dimen128
\abovetopsep=\dimen129
\cmidrulesep=\dimen130
\cmidrulekern=\dimen131
\defaultaddspace=\dimen132
\@cmidla=\count127
\@cmidlb=\count128
\@aboverulesep=\dimen133
\@belowrulesep=\dimen134
\@thisruleclass=\count129
\@lastruleclass=\count130
\@thisrulewidth=\dimen135
)
(/usr/share/texlive/texmf-dist/tex/latex/appendix/appendix.sty
Package: appendix 2009/09/02 v1.2b extra appendix facilities
\c@@pps=\count131
\c@@ppsavesec=\count132
\c@@ppsaveapp=\count133
)
(/usr/share/texlive/texmf-dist/tex/latex/tools/enumerate.sty
Package: enumerate 2015/07/23 v3.00 enumerate extensions (DPC)
\@enLab=\toks29
)
(/usr/share/texlive/texmf-dist/tex/latex/datetime/datetime.sty
Package: datetime 2015/03/20 v2.60 Date Time Package

(/usr/share/texlive/texmf-dist/tex/latex/etoolbox/etoolbox.sty
Package: etoolbox 2015/08/02 v2.2a e-TeX tools for LaTeX (JAW)
\etb@tempcnta=\count134


Package etoolbox Warning: Patching '\begin' failed!
(etoolbox)                '\AtBeginEnvironment' will not work.


Package etoolbox Warning: Patching '\end' failed!
(etoolbox)                '\AtEndEnvironment' will not work.


Package etoolbox Warning: Patching '\end' failed!
(etoolbox)                '\AfterEndEnvironment' will not work.

) (/usr/share/texlive/texmf-dist/tex/latex/fmtcount/fmtcount.sty
Package: fmtcount 2015/05/05 v3.01

(/usr/share/texlive/texmf-dist/tex/latex/base/ifthen.sty
Package: ifthen 2014/09/29 v1.1c Standard LaTeX ifthen package (DPC)
)
(/usr/share/texlive/texmf-dist/tex/latex/xkeyval/xkeyval.sty
Package: xkeyval 2014/12/03 v2.7a package option processing (HA)

(/usr/share/texlive/texmf-dist/tex/generic/xkeyval/xkeyval.tex
(/usr/share/texlive/texmf-dist/tex/generic/xkeyval/xkvutils.tex
\XKV@toks=\toks30
\XKV@tempa@toks=\toks31
)
\XKV@depth=\count135
File: xkeyval.tex 2014/12/03 v2.7a key=value parser (HA)
))
(/usr/share/texlive/texmf-dist/tex/latex/fmtcount/fcprefix.sty
Package: fcprefix 2012/09/28

(/usr/share/texlive/texmf-dist/tex/latex/fmtcount/fcnumparser.sty
Package: fcnumparser 2012/09/28
\fc@digit@counter=\count136
))
\c@padzeroesN=\count137
\fc@tmpcatcode=\count138
\@DT@modctr=\count139
\@ordinalctr=\count140
\@orgargctr=\count141
\@strctr=\count142
\@tmpstrctr=\count143
\@DT@loopN=\count144
\@DT@X=\count145

(/usr/share/texlive/texmf-dist/tex/latex/fmtcount/fc-english.def
File: fc-english.def 2013/08/17
))
(/usr/share/texlive/texmf-dist/tex/latex/datetime/datetime-defaults.sty
Package: datetime-defaults 2013/09/10
)
\@day=\count146
\@month=\count147
\@year=\count148
\c@HOUR=\count149
\c@HOURXII=\count150
\c@MINUTE=\count151
\c@TOHOUR=\count152
\c@TOMINUTE=\count153
\c@SECOND=\count154
\currenthour=\count155
\currentminute=\count156
\currentsecond=\count157
Package datetime Info: No datetime.cfg file found, using default settings on in
put line 308.
\@dtctr=\count158
\dayofyear=\count159
\dayofweek=\count160
LaTeX Info: Redefining \today on input line 736.
\dt@a=\toks32
\dt@b=\toks33
)
(./main.aux

LaTeX Warning: Label `t1thanks' multiply defined.


LaTeX Warning: Label `t3thanks' multiply defined.

)
\openout1 = `main.aux'.

LaTeX Font Info:    Checking defaults for OML/cmm/m/it on input line 93.
LaTeX Font Info:    ... okay on input line 93.
LaTeX Font Info:    Checking defaults for T1/cmr/m/n on input line 93.
LaTeX Font Info:    ... okay on input line 93.
LaTeX Font Info:    Checking defaults for OT1/cmr/m/n on input line 93.
LaTeX Font Info:    ... okay on input line 93.
LaTeX Font Info:    Checking defaults for OMS/cmsy/m/n on input line 93.
LaTeX Font Info:    ... okay on input line 93.
LaTeX Font Info:    Checking defaults for OMX/cmex/m/n on input line 93.
LaTeX Font Info:    ... okay on input line 93.
LaTeX Font Info:    Checking defaults for U/cmr/m/n on input line 93.
LaTeX Font Info:    ... okay on input line 93.
LaTeX Font Info:    Checking defaults for PD1/pdf/m/n on input line 93.
LaTeX Font Info:    ... okay on input line 93.
\AtBeginShipoutBox=\box31
Package hyperref Info: Link coloring ON on input line 93.
 (/usr/share/texlive/texmf-dist/tex/latex/hyperref/nameref.sty
Package: nameref 2012/10/27 v2.43 Cross-referencing by name of section

(/usr/share/texlive/texmf-dist/tex/generic/oberdiek/gettitlestring.sty
Package: gettitlestring 2010/12/03 v1.4 Cleanup title references (HO)
)
\c@section@level=\count161
)
LaTeX Info: Redefining \ref on input line 93.
LaTeX Info: Redefining \pageref on input line 93.
LaTeX Info: Redefining \nameref on input line 93.

(./main.out) (./main.out)
\@outlinefile=\write3
\openout3 = `main.out'.


(/usr/share/texlive/texmf-dist/tex/context/base/supp-pdf.mkii
[Loading MPS to PDF converter (version 2006.09.02).]
\scratchcounter=\count162
\scratchdimen=\dimen136
\scratchbox=\box32
\nofMPsegments=\count163
\nofMParguments=\count164
\everyMPshowfont=\toks34
\MPscratchCnt=\count165
\MPscratchDim=\dimen137
\MPnumerator=\count166
\makeMPintoPDFobject=\count167
\everyMPtoPDFconversion=\toks35
) (/usr/share/texlive/texmf-dist/tex/latex/oberdiek/epstopdf-base.sty
Package: epstopdf-base 2010/02/09 v2.5 Base part for package epstopdf

(/usr/share/texlive/texmf-dist/tex/latex/oberdiek/grfext.sty
Package: grfext 2010/08/19 v1.1 Manage graphics extensions (HO)
)
Package grfext Info: Graphics extension search list:
(grfext)             [.png,.pdf,.jpg,.mps,.jpeg,.jbig2,.jb2,.PNG,.PDF,.JPG,.JPE
G,.JBIG2,.JB2,.eps]
(grfext)             \AppendGraphicsExtensions on input line 452.

(/usr/share/texlive/texmf-dist/tex/latex/latexconfig/epstopdf-sys.cfg
File: epstopdf-sys.cfg 2010/07/13 v1.3 Configuration of (r)epstopdf for TeX Liv
e
))
LaTeX Font Info:    Try loading font information for U+msa on input line 95.

(/usr/share/texlive/texmf-dist/tex/latex/amsfonts/umsa.fd
File: umsa.fd 2013/01/14 v3.01 AMS symbols A
)
LaTeX Font Info:    Try loading font information for U+msb on input line 95.

(/usr/share/texlive/texmf-dist/tex/latex/amsfonts/umsb.fd
File: umsb.fd 2013/01/14 v3.01 AMS symbols B
)
LaTeX Font Info:    Try loading font information for U+rsfs on input line 95.

(/usr/share/texlive/texmf-dist/tex/latex/jknapltx/ursfs.fd
File: ursfs.fd 1998/03/24 rsfs font definition file (jk)
)
LaTeX Font Info:    Try loading font information for OMS+cmr on input line 99.

(/usr/share/texlive/texmf-dist/tex/latex/base/omscmr.fd
File: omscmr.fd 2014/09/29 v2.5h Standard LaTeX font definitions
)
LaTeX Font Info:    Font shape `OMS/cmr/m/n' in size <8> not available
(Font)              Font shape `OMS/cmsy/m/n' tried instead on input line 99.
\@address@1=\toks36
\@address@2=\toks37
\@address@3=\toks38
LaTeX Font Info:    Font shape `OMS/cmr/m/n' in size <6> not available
(Font)              Font shape `OMS/cmsy/m/n' tried instead on input line 196.
 [1{/var/lib/texmf/fonts/map/pdftex/updmap/pdftex.map}

] [2]
<figure/newnewPP.png, id=118, 569.7285pt x 346.896pt>
File: figure/newnewPP.png Graphic file (type png)

<use figure/newnewPP.png>
Package pdftex.def Info: figure/newnewPP.png used on input line 296.
(pdftex.def)             Requested size: 323.9978pt x 197.27754pt.
 [3 <./figure/newnewPP.png>] [4] [5]
Overfull \hbox (11.2055pt too wide) in paragraph at lines 483--497
\OT1/cmr/m/n/10.95 hav-ior of the gen-er-al-ized FBF. The fol-low-ing as-sump-t
ion is adapted from [][]Kleijn
 []

[6]
Overfull \hbox (21.5384pt too wide) in paragraph at lines 525--526
[][][]\OT1/cmr/m/sc/10.95 Theorem \OT1/cmr/m/n/10.95 2.1\OT1/cmr/m/sc/10.95 . [
]\OT1/cmr/m/it/10.95 Sup-pose that As-sump-tion [][]2.1[][] holds, $\OML/cmm/m/
it/10.95 L[]\OT1/cmr/m/n/10.95 (\OMS/cmsy/m/n/10.95 ^^A\OT1/cmr/m/n/10.95 ; \OT
1/cmr/bx/n/10.95 X[]\OT1/cmr/m/n/10.95 )$\OT1/cmr/m/it/10.95 , $\OML/cmm/m/it/1
0.95 L[]\OT1/cmr/m/n/10.95 (\OMS/cmsy/m/n/10.95 ^^A\OT1/cmr/m/n/10.95 ; \OT1/cm
r/bx/n/10.95 X[]\OT1/cmr/m/n/10.95 )$\OT1/cmr/m/it/10.95 ,
 []


Overfull \hbox (27.75249pt too wide) in paragraph at lines 528--531
\OT1/cmr/m/it/10.95 grees of free-dom and non-cen-tral-ity pa-ram-e-ter $\OML/c
mm/m/it/10.95 ^^N \OT1/cmr/m/n/10.95 = \OML/cmm/m/it/10.95 ^^Q[][]I[] \OMS/cmsy
/m/n/10.95 ^^@ \OML/cmm/m/it/10.95 I[]J\OT1/cmr/m/n/10.95 (\OML/cmm/m/it/10.95 
J[]I[]J\OT1/cmr/m/n/10.95 )[]\OML/cmm/m/it/10.95 J[]I[][]^^Q$\OT1/cmr/m/it/10.9
5 ,
 []

[7] [8]
Overfull \hbox (14.03337pt too wide) in paragraph at lines 599--606
\OT1/cmr/m/n/10.95 de-rived the con-sis-tency of $\OML/cmm/m/it/10.95 L[]\OT1/c
mr/m/n/10.95 (\OMS/cmsy/m/n/10.95 ^^A\OT1/cmr/m/n/10.95 ; \OT1/cmr/bx/n/10.95 X
[]\OT1/cmr/m/n/10.95 )$ un-der sim-ple con-di-tions. Re-cently, [][]Bhat-
 []

[9]
Overfull \hbox (10.43051pt too wide) in paragraph at lines 675--677
[][][]\OT1/cmr/m/sc/10.95 Assumption \OT1/cmr/m/n/10.95 2.3\OT1/cmr/m/sc/10.95 
. []\OT1/cmr/m/it/10.95 Let $\OML/cmm/m/it/10.95 b \OMS/cmsy/m/n/10.95 2 \OT1/c
mr/m/n/10.95 (0\OML/cmm/m/it/10.95 ; \OT1/cmr/m/n/10.95 1)$ \OT1/cmr/m/it/10.95
 be a fixed num-ber. As-sume that $\OML/cmm/m/it/10.95 ^^Y[]\OT1/cmr/m/n/10.95 
(\OML/cmm/m/it/10.95 h\OT1/cmr/m/n/10.95 ; \OT1/cmr/bx/n/10.95 X[]\OT1/cmr/m/n/
10.95 )$
 []

[10]
Overfull \hbox (55.07962pt too wide) detected at line 690
\OT1/cmr/m/n/10.95 ^^A[] = [] [] \OML/cmm/m/it/10.95 I[][]\OT1/cmr/m/n/10.95 (\
OML/cmm/m/it/10.95 X[]\OT1/cmr/m/n/10.95 )\OML/cmm/m/it/10.95 ;  I[] \OT1/cmr/m
/n/10.95 = \OML/cmm/m/it/10.95 P[][][];  []\OT1/cmr/m/n/10.95 (\OML/cmm/m/it/10
.95 X\OT1/cmr/m/n/10.95 ) = [] [] \OML/cmm/m/it/10.95 p\OT1/cmr/m/n/10.95 (\OML
/cmm/m/it/10.95 X\OMS/cmsy/m/n/10.95 j\OML/cmm/m/it/10.95 ^^W; ^^X[]\OT1/cmr/m/
n/10.95 )[][]\OML/cmm/m/it/10.95 :
 []

[11]
Overfull \hbox (0.71545pt too wide) in paragraph at lines 733--736
[]\OT1/cmr/m/n/10.95 Let $\OMS/cmsy/m/n/10.95 Q$ \OT1/cmr/m/n/10.95 be the fam-
ily of all $\OML/cmm/m/it/10.95 p$ \OT1/cmr/m/n/10.95 di-men-sional nor-mal dis
-tri-bu-tion. Let $\OML/cmm/m/it/10.95 ^^Y\OT1/cmr/m/n/10.95 (\OML/cmm/m/it/10.
95 ^^R\OT1/cmr/m/n/10.95 ; \OT1/cmr/bx/n/10.95 X[]\OT1/cmr/m/n/10.95 )$
 []


Overfull \hbox (17.21738pt too wide) in paragraph at lines 733--736
\OT1/cmr/m/n/10.95 be the frac-tional pos-te-rior of or-der $\OML/cmm/m/it/10.9
5 b$ \OT1/cmr/m/n/10.95 and $\OML/cmm/m/it/10.95 ^^Y[]\OT1/cmr/m/n/10.95 (\OML/
cmm/m/it/10.95 h\OT1/cmr/m/n/10.95 ; \OT1/cmr/bx/n/10.95 X[]\OT1/cmr/m/n/10.95 
) = \OML/cmm/m/it/10.95 n[]^^Y\OT1/cmr/m/n/10.95 (\OML/cmm/m/it/10.95 ^^R[] \OT
1/cmr/m/n/10.95 + \OML/cmm/m/it/10.95 n[]h\OT1/cmr/m/n/10.95 ; \OT1/cmr/bx/n/10
.95 X[]\OT1/cmr/m/n/10.95 )$
 []


Overfull \hbox (2.7068pt too wide) in paragraph at lines 738--740
\OT1/cmr/m/n/10.95 Let the weight func-tion $\OML/cmm/m/it/10.95 ^^Y[]\OT1/cmr/
m/n/10.95 (\OML/cmm/m/it/10.95 ^^R\OT1/cmr/m/n/10.95 ; \OT1/cmr/bx/n/10.95 X[]\
OT1/cmr/m/n/10.95 )$ be the nor-mal ap-prox-i-ma-tion of $\OML/cmm/m/it/10.95 ^
^Y\OT1/cmr/m/n/10.95 (\OML/cmm/m/it/10.95 ^^R\OT1/cmr/m/n/10.95 ; \OT1/cmr/bx/n
/10.95 X[]\OT1/cmr/m/n/10.95 )$
 []

[12]
Overfull \hbox (6.09422pt too wide) in paragraph at lines 769--776
 \OT1/cmr/bx/n/10.95 3.Normal mix-ture model.[][] \OT1/cmr/m/n/10.95 In this se
c-tion, we ap-ply the ILRT method-
 []

[13]
Overfull \hbox (1.15474pt too wide) in paragraph at lines 852--860
 \OT1/cmr/bx/n/10.95 4.Conclusion.[][] \OT1/cmr/m/n/10.95 In this pa-per, we pr
o-posed a flex-i-ble method-ol-ogy ILRT
 []

[14]

LaTeX Font Warning: Font shape `OT1/cmr/bx/sc' undefined
(Font)              using `OT1/cmr/bx/n' instead on input line 914.


Overfull \hbox (7.19221pt too wide) in paragraph at lines 915--917
[]\OT1/cmr/m/n/10.95 Fix a $\OML/cmm/m/it/10.95 t > \OT1/cmr/m/n/10.95 0$ such 
that $\OML/cmm/m/it/10.95 L[]\OT1/cmr/m/n/10.95 (\OMS/cmsy/m/n/10.95 ^^A\OT1/cm
r/m/n/10.95 ; \OT1/cmr/bx/n/10.95 X[]\OT1/cmr/m/n/10.95 )$ and $\OML/cmm/m/it/1
0.95 L[]\OT1/cmr/m/n/10.95 (\OMS/cmsy/m/n/10.95 ^^A\OT1/cmr/m/n/10.95 ; \OT1/cm
r/bx/n/10.95 X[]\OT1/cmr/m/n/10.95 )$
 []

[15]
Overfull \hbox (2.99277pt too wide) in paragraph at lines 1049--1052
[]\OT1/cmr/m/n/10.95 It re-mains to de-rive the asymp-totic dis-tri-bu-tion of 
$^^A[]$. Let $\OML/cmm/m/it/10.95 h[] \OT1/cmr/m/n/10.95 = [](\OML/cmm/m/it/10.
95 ^^R[] \OMS/cmsy/m/n/10.95 ^^@
 []

[16]
Overfull \hbox (16.67119pt too wide) in paragraph at lines 1127--1129
\OT1/cmr/m/n/10.95 This al-lows us to de-rive the fol-low-ing lower bound for $
\OML/cmm/m/it/10.95 L[]\OT1/cmr/m/n/10.95 (^^B; \OT1/cmr/bx/sc/10.95 X[]\OT1/cm
r/m/n/10.95 )\OML/cmm/m/it/10.95 =\OT1/cmr/m/n/10.95 [\OML/cmm/m/it/10.95 p[]\O
T1/cmr/m/n/10.95 (\OT1/cmr/bx/sc/10.95 X[]\OMS/cmsy/m/n/10.95 j\OML/cmm/m/it/10
.95 ^^R[]\OT1/cmr/m/n/10.95 )][]$. 
 []

[17] [18] [19] [20] [21]
Overfull \hbox (4.8115pt too wide) in paragraph at lines 1438--1440
\OT1/cmr/m/n/10.95 This in-equal-ity, to-gether with [], im-plies the $[]$-cons
istency of $\OML/cmm/m/it/10.95 L[]\OT1/cmr/m/n/10.95 (\OMS/cmsy/m/n/10.95 ^^A\
OT1/cmr/m/n/10.95 ; \OT1/cmr/bx/sc/10.95 X[]\OT1/cmr/m/n/10.95 )$.
 []

[22]
Overfull \hbox (3.26007pt too wide) in paragraph at lines 1539--1544
[]\OT1/cmr/m/n/10.95 We shall ver-ify As-sump-tion [][]2.1[][] and As-sump-
 []

[23] [24]
Overfull \hbox (4.4827pt too wide) in paragraph at lines 1659--1659
[] 
 []


Overfull \hbox (4.4827pt too wide) in alignment at lines 1658--1659
[] [] 
 []

[25] [26] [27]
Overfull \hbox (31.19458pt too wide) in paragraph at lines 1843--1848
\OML/cmm/m/it/10.95 O[]\OT1/cmr/m/n/10.95 ([] \OML/cmm/m/it/10.95 n\OT1/cmr/m/n
/10.95 )[]\OML/cmm/m/it/10.95 =n[][]$\OT1/cmr/m/n/10.95 . It is known that $[][
] \OMS/cmsy/m/n/10.95 j\OML/cmm/m/it/10.95 X[]\OMS/cmsy/m/n/10.95 j \OT1/cmr/m/
n/10.95 = \OML/cmm/m/it/10.95 O[]\OT1/cmr/m/n/10.95 ([])$. On $\OML/cmm/m/it/10
.95 A\OT1/cmr/m/n/10.95 (([] \OML/cmm/m/it/10.95 n\OT1/cmr/m/n/10.95 )[]) \OMS/
cmsy/m/n/10.95 \
 []


Overfull \hbox (17.61717pt too wide) in paragraph at lines 1854--1857
\OT1/cmr/m/n/10.95 In par-tic-u-lar, on $\OML/cmm/m/it/10.95 A\OT1/cmr/m/n/10.9
5 (([] \OML/cmm/m/it/10.95 n\OT1/cmr/m/n/10.95 )[]) \OMS/cmsy/m/n/10.95 \ f\OML
/cmm/m/it/10.95 ! \OMS/cmsy/m/n/10.95 ^^U \OML/cmm/m/it/10.95 n[]\OMS/cmsy/m/n/
10.95 g$\OT1/cmr/m/n/10.95 , we have $[][] \OMS/cmsy/m/n/10.95 j\OML/cmm/m/it/1
0.95 Y[]\OMS/cmsy/m/n/10.95 j \OT1/cmr/m/n/10.95 = \OML/cmm/m/it/10.95 O[]\OT1/
cmr/m/n/10.95 ([])$.
 []

[28]
Overfull \hbox (3.61876pt too wide) in paragraph at lines 1889--1889
[] 
 []


Overfull \hbox (77.40057pt too wide) in paragraph at lines 1905--1905
[] 
 []

[29] [30]
Overfull \hbox (66.11325pt too wide) in paragraph at lines 2066--2066
[] 
 []

[31] [32]
Overfull \hbox (0.41362pt too wide) in paragraph at lines 2606--2606
[][]    [] 
 []

Package atveryend Info: Empty hook `BeforeClearDocument' on input line 2606.
[33] [34]
Package atveryend Info: Empty hook `AfterLastShipout' on input line 2606.
 (./main.aux)
Package atveryend Info: Executing hook `AtVeryEndDocument' on input line 2606.
Package atveryend Info: Executing hook `AtEndAfterFileList' on input line 2606.

Package rerunfilecheck Info: File `main.out' has not changed.
(rerunfilecheck)             Checksum: 96396F77C62688D2A1B8C0FEF4109954;686.


LaTeX Font Warning: Some font shapes were not available, defaults substituted.


LaTeX Warning: There were multiply-defined labels.

Package atveryend Info: Empty hook `AtVeryVeryEnd' on input line 2606.
 ) 
Here is how much of TeX's memory you used:
 9115 strings out of 493029
 125322 string characters out of 6136235
 239245 words of memory out of 5000000
 12386 multiletter control sequences out of 15000+600000
 16046 words of font info for 61 fonts, out of 8000000 for 9000
 1141 hyphenation exceptions out of 8191
 35i,22n,40p,1008b,497s stack positions out of 5000i,500n,10000p,200000b,80000s
</usr/share/texlive/texmf-dist/fonts/type1/public/amsfonts/cm/cmbx10.pfb></us
r/share/texlive/texmf-dist/fonts/type1/public/amsfonts/cm/cmbx12.pfb></usr/shar
e/texlive/texmf-dist/fonts/type1/public/amsfonts/cm/cmbx9.pfb></usr/share/texli
ve/texmf-dist/fonts/type1/public/amsfonts/cm/cmcsc10.pfb></usr/share/texlive/te
xmf-dist/fonts/type1/public/amsfonts/cm/cmex10.pfb></usr/share/texlive/texmf-di
st/fonts/type1/public/amsfonts/cm/cmmi10.pfb></usr/share/texlive/texmf-dist/fon
ts/type1/public/amsfonts/cm/cmmi6.pfb></usr/share/texlive/texmf-dist/fonts/type
1/public/amsfonts/cm/cmmi8.pfb></usr/share/texlive/texmf-dist/fonts/type1/publi
c/amsfonts/cm/cmmi9.pfb></usr/share/texlive/texmf-dist/fonts/type1/public/amsfo
nts/cm/cmr10.pfb></usr/share/texlive/texmf-dist/fonts/type1/public/amsfonts/cm/
cmr6.pfb></usr/share/texlive/texmf-dist/fonts/type1/public/amsfonts/cm/cmr8.pfb
></usr/share/texlive/texmf-dist/fonts/type1/public/amsfonts/cm/cmr9.pfb></usr/s
hare/texlive/texmf-dist/fonts/type1/public/amsfonts/cm/cmsy10.pfb></usr/share/t
exlive/texmf-dist/fonts/type1/public/amsfonts/cm/cmsy6.pfb></usr/share/texlive/
texmf-dist/fonts/type1/public/amsfonts/cm/cmsy8.pfb></usr/share/texlive/texmf-d
ist/fonts/type1/public/amsfonts/cm/cmsy9.pfb></usr/share/texlive/texmf-dist/fon
ts/type1/public/amsfonts/cm/cmti10.pfb></usr/share/texlive/texmf-dist/fonts/typ
e1/public/amsfonts/cm/cmti7.pfb></usr/share/texlive/texmf-dist/fonts/type1/publ
ic/amsfonts/cm/cmti9.pfb></usr/share/texlive/texmf-dist/fonts/type1/public/amsf
onts/symbols/msam10.pfb></usr/share/texlive/texmf-dist/fonts/type1/public/amsfo
nts/symbols/msbm10.pfb></usr/share/texlive/texmf-dist/fonts/type1/public/rsfs/r
sfs10.pfb>
Output written on main.pdf (34 pages, 446488 bytes).
PDF statistics:
 589 PDF objects out of 1000 (max. 8388607)
 522 compressed objects within 6 object streams
 115 named destinations out of 1000 (max. 500000)
 102 words of extra memory for PDF output out of 10000 (max. 10000000)

